{
  "stats": {
    "suites": 1,
    "tests": 1,
    "passes": 0,
    "pending": 0,
    "failures": 1,
    "start": "2024-08-26T19:44:18.595Z",
    "end": "2024-08-26T19:44:27.679Z",
    "duration": 9084,
    "testsRegistered": 1,
    "passPercent": 0,
    "pendingPercent": 0,
    "other": 0,
    "hasOther": false,
    "skipped": 0,
    "hasSkipped": false
  },
  "results": [
    {
      "uuid": "33acbb76-c49f-45c5-80e3-95a40b0a2251",
      "title": "",
      "fullFile": "cypress\\e2e\\imkt_10prod.cy.js",
      "file": "cypress\\e2e\\imkt_10prod.cy.js",
      "beforeHooks": [],
      "afterHooks": [],
      "tests": [],
      "suites": [
        {
          "uuid": "cc2b093f-5393-43cd-a6b2-bd7169d9d026",
          "title": "CRUD, caminho feliz de criação de campanha",
          "fullFile": "",
          "file": "",
          "beforeHooks": [],
          "afterHooks": [],
          "tests": [
            {
              "title": "Criação de campanha",
              "fullTitle": "CRUD, caminho feliz de criação de campanha Criação de campanha",
              "timedOut": null,
              "duration": 5063,
              "state": "failed",
              "speed": null,
              "pass": false,
              "fail": true,
              "pending": false,
              "context": "{\n  \"title\": \"cypress-mochawesome-reporter-screenshots\",\n  \"value\": [\n    [\n      \"\\\\imkt_10prod.cy.js\\\\CRUD, caminho feliz de criação de campanha -- Criação de campanha (failed).png\"\n    ]\n  ]\n}",
              "code": "cy.createProductsFixture(10);\ncy.createCampaignData();\ncy.createCampaign();\ncy.addProductsToCampaign(10);\n//preenche os 10 produtos da campanha",
              "err": {
                "message": "ReferenceError: prod is not defined",
                "estack": "ReferenceError: prod is not defined\n    at adicionarProdutos (webpack://imkt_300624/./cypress/support/commands.js:69:51)\n    at Context.eval (webpack://imkt_300624/./cypress/support/commands.js:81:12)",
                "diff": null
              },
              "uuid": "8768122a-69af-4360-a7b1-26e7eb87dce4",
              "parentUUID": "cc2b093f-5393-43cd-a6b2-bd7169d9d026",
              "isHook": false,
              "skipped": false
            }
          ],
          "suites": [],
          "passes": [],
          "failures": [
            "8768122a-69af-4360-a7b1-26e7eb87dce4"
          ],
          "pending": [],
          "skipped": [],
          "duration": 5063,
          "root": false,
          "rootEmpty": false,
          "_timeout": 2000
        }
      ],
      "passes": [],
      "failures": [],
      "pending": [],
      "skipped": [],
      "duration": 0,
      "root": true,
      "rootEmpty": true,
      "_timeout": 2000
    }
  ],
  "meta": {
    "mocha": {
      "version": "7.0.1"
    },
    "mochawesome": {
      "options": {
        "quiet": true,
        "reportFilename": "mochawesome",
        "saveHtml": false,
        "saveJson": true,
        "consoleReporter": "spec",
        "useInlineDiffs": false,
        "code": true
      },
      "version": "7.1.3"
    },
    "marge": {
      "options": {
        "id": "default",
        "reportDir": "mochawesome-report",
        "quiet": true,
        "overwrite": false,
        "html": false,
        "json": true
      },
      "version": "6.2.0"
    }
  }
}