{
  "stats": {
    "suites": 1,
    "tests": 1,
    "passes": 1,
    "pending": 0,
    "failures": 0,
    "start": "2024-08-26T17:54:22.571Z",
    "end": "2024-08-26T17:54:32.934Z",
    "duration": 10363,
    "testsRegistered": 1,
    "passPercent": 100,
    "pendingPercent": 0,
    "other": 0,
    "hasOther": false,
    "skipped": 0,
    "hasSkipped": false
  },
  "results": [
    {
      "uuid": "023643d5-35f4-4c8a-9c86-13725faa1856",
      "title": "",
      "fullFile": "cypress\\e2e\\imkt_10prod.cy.js",
      "file": "cypress\\e2e\\imkt_10prod.cy.js",
      "beforeHooks": [],
      "afterHooks": [],
      "tests": [],
      "suites": [
        {
          "uuid": "162d01e3-d489-4c91-a19a-f92dee800107",
          "title": "CRUD, caminho feliz de criação de campanha",
          "fullFile": "",
          "file": "",
          "beforeHooks": [],
          "afterHooks": [],
          "tests": [
            {
              "title": "Criação de campanha",
              "fullTitle": "CRUD, caminho feliz de criação de campanha Criação de campanha",
              "timedOut": null,
              "duration": 6224,
              "state": "passed",
              "speed": "medium",
              "pass": true,
              "fail": false,
              "pending": false,
              "context": null,
              "code": "cy.createProductsFixture(10);\ncy.createCampaignData();\ncy.createCampaign();\ncy.addProductsToCampaign(10);\n//preenche os 10 produtos da campanha",
              "err": {},
              "uuid": "9d920566-0ee6-477a-b83a-ca614178fcaf",
              "parentUUID": "162d01e3-d489-4c91-a19a-f92dee800107",
              "isHook": false,
              "skipped": false
            }
          ],
          "suites": [],
          "passes": [
            "9d920566-0ee6-477a-b83a-ca614178fcaf"
          ],
          "failures": [],
          "pending": [],
          "skipped": [],
          "duration": 6224,
          "root": false,
          "rootEmpty": false,
          "_timeout": 2000
        }
      ],
      "passes": [],
      "failures": [],
      "pending": [],
      "skipped": [],
      "duration": 0,
      "root": true,
      "rootEmpty": true,
      "_timeout": 2000
    }
  ],
  "meta": {
    "mocha": {
      "version": "7.0.1"
    },
    "mochawesome": {
      "options": {
        "quiet": true,
        "reportFilename": "mochawesome",
        "saveHtml": false,
        "saveJson": true,
        "consoleReporter": "spec",
        "useInlineDiffs": false,
        "code": true
      },
      "version": "7.1.3"
    },
    "marge": {
      "options": {
        "id": "default",
        "reportDir": "mochawesome-report",
        "quiet": true,
        "overwrite": false,
        "html": false,
        "json": true
      },
      "version": "6.2.0"
    }
  }
}